<?xml version="1.0" encoding="UTF-8"?>
<!-- Generated by org.testng.reporters.JUnitReportReporter -->
<testsuite hostname="KANINI-LTP-552" failures="0" tests="1" name="Cucumber.TestNGTestRunner" time="2.459" errors="0" timestamp="04 Mar 2025 14:57:18 GMT" skipped="0">
  <testcase classname="Cucumber.TestNGTestRunner" name="runScenario" time="2.459"/>
</testsuite> <!-- Cucumber.TestNGTestRunner -->
