<?xml version="1.0" encoding="UTF-8"?>
<!-- Generated by org.testng.reporters.JUnitReportReporter -->
<testsuite hostname="KANINI-LTP-552" failures="0" tests="3" name="dataDriven.dataProvider" time="14.184" errors="0" timestamp="2025-03-08T12:55:19 IST" skipped="0">
  <testcase classname="dataDriven.dataProvider" name="Login" time="4.576"/>
  <testcase classname="dataDriven.dataProvider" name="Login" time="4.849"/>
  <testcase classname="dataDriven.dataProvider" name="Login" time="4.759"/>
</testsuite> <!-- dataDriven.dataProvider -->
