<?xml version="1.0" encoding="UTF-8"?>
<!-- Generated by org.testng.reporters.JUnitReportReporter -->
<testsuite hostname="KANINI-LTP-552" failures="0" tests="1" name="Cucumber.TestNGTestRunner" time="4.878" errors="0" timestamp="07 Mar 2025 01:40:43 GMT" skipped="0">
  <testcase classname="Cucumber.TestNGTestRunner" name="runScenario" time="4.878"/>
</testsuite> <!-- Cucumber.TestNGTestRunner -->
